<?xml version="1.0" encoding="UTF-8"?>
<testsuite name="io.ona.kujaku.helpers.MapBoxStyleStorageTest" tests="6" skipped="0" failures="0" errors="0" timestamp="2020-05-13T07:26:25" hostname="kigamba-ThinkPad-T580" time="0.04">
  <properties/>
  <testcase name="getStyleUrlShouldReturnUrl" classname="io.ona.kujaku.helpers.MapBoxStyleStorageTest" time="0.009"/>
  <testcase name="deleteFileShouldReturnFail" classname="io.ona.kujaku.helpers.MapBoxStyleStorageTest" time="0.006"/>
  <testcase name="deleteFileShouldReturnTrue" classname="io.ona.kujaku.helpers.MapBoxStyleStorageTest" time="0.006"/>
  <testcase name="getStyleUrlShouldReturnLocalFile" classname="io.ona.kujaku.helpers.MapBoxStyleStorageTest" time="0.005"/>
  <testcase name="getStyleUrlShouldReturnAsset" classname="io.ona.kujaku.helpers.MapBoxStyleStorageTest" time="0.007"/>
  <testcase name="getStyleUrlShouldReturnNewLocalFile" classname="io.ona.kujaku.helpers.MapBoxStyleStorageTest" time="0.006"/>
  <system-out><![CDATA[]]></system-out>
  <system-err><![CDATA[]]></system-err>
</testsuite>
