<?xml version="1.0" encoding="UTF-8"?>
<testsuite name="io.ona.kujaku.ExampleUnitTest" tests="1" skipped="0" failures="0" errors="0" timestamp="2020-05-13T07:26:44" hostname="kigamba-ThinkPad-T580" time="0.0">
  <properties/>
  <testcase name="addition_isCorrect" classname="io.ona.kujaku.ExampleUnitTest" time="0.0"/>
  <system-out><![CDATA[]]></system-out>
  <system-err><![CDATA[]]></system-err>
</testsuite>
