<?xml version="1.0" encoding="UTF-8"?>
<testsuite name="io.ona.kujaku.manager.SplittingManagerTest" tests="4" skipped="0" failures="0" errors="0" timestamp="2020-05-13T07:25:17" hostname="kigamba-ThinkPad-T580" time="12.417">
  <properties/>
  <testcase name="createInstanceOfSplittingManagerAndTestDefaultValues" classname="io.ona.kujaku.manager.SplittingManagerTest" time="12.308"/>
  <testcase name="testSplittingManagerOptions" classname="io.ona.kujaku.manager.SplittingManagerTest" time="0.017"/>
  <testcase name="createSplittingLineSplittingManager" classname="io.ona.kujaku.manager.SplittingManagerTest" time="0.081"/>
  <testcase name="startSplittingManager" classname="io.ona.kujaku.manager.SplittingManagerTest" time="0.011"/>
  <system-out><![CDATA[]]></system-out>
  <system-err><![CDATA[]]></system-err>
</testsuite>
