<?xml version="1.0" encoding="UTF-8"?>
<testsuite name="io.ona.kujaku.layers.BoundaryLayerTest" tests="10" skipped="0" failures="0" errors="0" timestamp="2020-05-13T07:26:15" hostname="kigamba-ThinkPad-T580" time="0.087">
  <properties/>
  <testcase name="createBoundaryLabelSourceShouldInstantiateBoundaryLabelsSourceVariable" classname="io.ona.kujaku.layers.BoundaryLayerTest" time="0.01"/>
  <testcase name="testSymbolLayerProperties" classname="io.ona.kujaku.layers.BoundaryLayerTest" time="0.007"/>
  <testcase name="getLayerIdsShouldReturnStringArrayWithLayerIds" classname="io.ona.kujaku.layers.BoundaryLayerTest" time="0.006"/>
  <testcase name="removeLayerOnMapShouldReturnFalseWhenStyleIsNotReady" classname="io.ona.kujaku.layers.BoundaryLayerTest" time="0.009"/>
  <testcase name="updateFeaturesShouldUpdateFeatureCollection" classname="io.ona.kujaku.layers.BoundaryLayerTest" time="0.009"/>
  <testcase name="createBoundaryFeatureSourceShouldInstantiateBoundaryFeatureSourceVariable" classname="io.ona.kujaku.layers.BoundaryLayerTest" time="0.009"/>
  <testcase name="labelTextSizeExpressionOverridesTextSize" classname="io.ona.kujaku.layers.BoundaryLayerTest" time="0.008"/>
  <testcase name="calculateCenterPoints" classname="io.ona.kujaku.layers.BoundaryLayerTest" time="0.007"/>
  <testcase name="removeLayerOnMapShouldReturnTrueWhenStyleIsReadyAndRemoveLayersAndSources" classname="io.ona.kujaku.layers.BoundaryLayerTest" time="0.013"/>
  <testcase name="testLineLayerProperties" classname="io.ona.kujaku.layers.BoundaryLayerTest" time="0.008"/>
  <system-out><![CDATA[]]></system-out>
  <system-err><![CDATA[]]></system-err>
</testsuite>
