<?xml version="1.0" encoding="UTF-8"?>
<testsuite name="io.ona.kujaku.location.clients.GoogleLocationCallbackTest" tests="5" skipped="0" failures="0" errors="0" timestamp="2020-05-13T07:25:16" hostname="kigamba-ThinkPad-T580" time="0.336">
  <properties/>
  <testcase name="isSameProviderWhenGivenProviderAndNullShouldReturnFalse" classname="io.ona.kujaku.location.clients.GoogleLocationCallbackTest" time="0.261"/>
  <testcase name="isSameProviderWhenGivenSameProviderShouldReturnTrue" classname="io.ona.kujaku.location.clients.GoogleLocationCallbackTest" time="0.016"/>
  <testcase name="isSameProviderWhenGivenDifferentProvidersShouldReturnFalse" classname="io.ona.kujaku.location.clients.GoogleLocationCallbackTest" time="0.014"/>
  <testcase name="isSameProviderWhenGivenNullsShouldReturnTrue" classname="io.ona.kujaku.location.clients.GoogleLocationCallbackTest" time="0.015"/>
  <testcase name="onLocationResultWhenGivenMultipleLocationsShouldPickTheMostAccurateWhileNotSignificantlyOlder" classname="io.ona.kujaku.location.clients.GoogleLocationCallbackTest" time="0.028"/>
  <system-out><![CDATA[]]></system-out>
  <system-err><![CDATA[]]></system-err>
</testsuite>
