<?xml version="1.0" encoding="UTF-8"?>
<testsuite name="io.ona.kujaku.data.MapBoxDeleteTaskTest" tests="1" skipped="0" failures="0" errors="0" timestamp="2020-05-13T07:26:24" hostname="kigamba-ThinkPad-T580" time="0.008">
  <properties/>
  <testcase name="constructorShouldCreateValidObject" classname="io.ona.kujaku.data.MapBoxDeleteTaskTest" time="0.008"/>
  <system-out><![CDATA[]]></system-out>
  <system-err><![CDATA[]]></system-err>
</testsuite>
