<?xml version="1.0" encoding="UTF-8"?>
<testsuite name="io.ona.kujaku.wmts.WmtsCapabilitiesSerializerTest" tests="2" skipped="0" failures="0" errors="0" timestamp="2020-05-13T07:25:53" hostname="kigamba-ThinkPad-T580" time="0.348">
  <properties/>
  <testcase name="testCapabilitiesContent" classname="io.ona.kujaku.wmts.WmtsCapabilitiesSerializerTest" time="0.299"/>
  <testcase name="readCapabilities" classname="io.ona.kujaku.wmts.WmtsCapabilitiesSerializerTest" time="0.049"/>
  <system-out><![CDATA[]]></system-out>
  <system-err><![CDATA[]]></system-err>
</testsuite>
