<?xml version="1.0" encoding="UTF-8"?>
<testsuite name="io.ona.kujaku.manager.KujakuCircleOptionsTest" tests="2" skipped="0" failures="0" errors="0" timestamp="2020-05-13T07:25:30" hostname="kigamba-ThinkPad-T580" time="0.057">
  <properties/>
  <testcase name="testKujakuCircleOptions" classname="io.ona.kujaku.manager.KujakuCircleOptionsTest" time="0.039"/>
  <testcase name="testCustomKujakuCircleOptions" classname="io.ona.kujaku.manager.KujakuCircleOptionsTest" time="0.017"/>
  <system-out><![CDATA[]]></system-out>
  <system-err><![CDATA[]]></system-err>
</testsuite>
