<?xml version="1.0" encoding="UTF-8"?>
<testsuite name="io.ona.kujaku.helpers.MapBoxLocationComponentWrapperTest" tests="2" skipped="0" failures="0" errors="0" timestamp="2020-05-13T07:26:25" hostname="kigamba-ThinkPad-T580" time="0.589">
  <properties/>
  <testcase name="notInitMapBoxLocationComponentWrapper" classname="io.ona.kujaku.helpers.MapBoxLocationComponentWrapperTest" time="0.571"/>
  <testcase name="initMapBoxLocationComponentWrapper" classname="io.ona.kujaku.helpers.MapBoxLocationComponentWrapperTest" time="0.017"/>
  <system-out><![CDATA[]]></system-out>
  <system-err><![CDATA[]]></system-err>
</testsuite>
