<?xml version="1.0" encoding="UTF-8"?>
<testsuite name="io.ona.kujaku.sample.activities.MainActivityTest" tests="2" skipped="0" failures="0" errors="0" timestamp="2020-05-13T07:27:08" hostname="kigamba-ThinkPad-T580" time="8.514">
  <properties/>
  <testcase name="onActivityResultShouldCreateToastShowingChosenFeature" classname="io.ona.kujaku.sample.activities.MainActivityTest" time="8.501"/>
  <testcase name="onActivityResultWithInvalidIntentShouldShowErrorToast" classname="io.ona.kujaku.sample.activities.MainActivityTest" time="0.013"/>
  <system-out><![CDATA[]]></system-out>
  <system-err><![CDATA[]]></system-err>
</testsuite>
