<?xml version="1.0" encoding="UTF-8"?>
<testsuite name="io.ona.kujaku.wrapper.ExampleUnitTest" tests="1" skipped="0" failures="0" errors="0" timestamp="2020-05-13T07:27:44" hostname="kigamba-ThinkPad-T580" time="0.002">
  <properties/>
  <testcase name="addition_isCorrect" classname="io.ona.kujaku.wrapper.ExampleUnitTest" time="0.002"/>
  <system-out><![CDATA[]]></system-out>
  <system-err><![CDATA[]]></system-err>
</testsuite>
